{ Using PSTWRITER 16.6.0 d001Apr-25-2018 at 17:43:35 }

#1 WARNING(ORCAP-36038): "No_connect" property on Pin "U7.36" ignored for U7: MCU, MCU (2.40, 1.50). Connecting pin to net "PF7".
#2 WARNING(ORCAP-36038): "No_connect" property on Pin "U7.46" ignored for U7: MCU, MCU (2.40, 1.50). Connecting pin to net "PB9".
#3 WARNING(ORCAP-36038): "No_connect" property on Pin "U7.33" ignored for U7: MCU, MCU (2.40, 1.50). Connecting pin to net "PA12".
#4 WARNING(ORCAP-36038): "No_connect" property on Pin "U7.42" ignored for U7: MCU, MCU (2.40, 1.50). Connecting pin to net "UART1_TX".
#5 WARNING(ORCAP-36038): "No_connect" property on Pin "U7.35" ignored for U7: MCU, MCU (2.40, 1.50). Connecting pin to net "PF6".
#6 WARNING(ORCAP-36038): "No_connect" property on Pin "U7.15" ignored for U7: MCU, MCU (2.40, 1.50). Connecting pin to net "PA5".
#7 WARNING(ORCAP-36038): "No_connect" property on Pin "U7.45" ignored for U7: MCU, MCU (2.40, 1.50). Connecting pin to net "PB8".
#8 WARNING(ORCAP-36038): "No_connect" property on Pin "U7.22" ignored for U7: MCU, MCU (2.40, 1.50). Connecting pin to net "PB11".
#9 WARNING(ORCAP-36038): "No_connect" property on Pin "U7.43" ignored for U7: MCU, MCU (2.40, 1.50). Connecting pin to net "UART1_RX".
#10 WARNING(ORCAP-36038): "No_connect" property on Pin "U7.3" ignored for U7: MCU, MCU (2.40, 1.50). Connecting pin to net "PC14".
#11 WARNING(ORCAP-36038): "No_connect" property on Pin "U7.21" ignored for U7: MCU, MCU (2.40, 1.50). Connecting pin to net "PB10".
#12 WARNING(ORCAP-36038): "No_connect" property on Pin "U7.14" ignored for U7: MCU, MCU (2.40, 1.50). Connecting pin to net "ADC_IN4".
#13 WARNING(ORCAP-36038): "No_connect" property on Pin "U7.16" ignored for U7: MCU, MCU (2.40, 1.50). Connecting pin to net "IN4".
#14 WARNING(ORCAP-36038): "No_connect" property on Pin "U7.18" ignored for U7: MCU, MCU (2.40, 1.50). Connecting pin to net "IN6".
#15 WARNING(ORCAP-36038): "No_connect" property on Pin "U7.17" ignored for U7: MCU, MCU (2.40, 1.50). Connecting pin to net "IN5".
#16 WARNING(ORCAP-36038): "No_connect" property on Pin "U7.29" ignored for U7: MCU, MCU (2.40, 1.50). Connecting pin to net "IN1".
#17 WARNING(ORCAP-36038): "No_connect" property on Pin "U7.20" ignored for U7: MCU, MCU (2.40, 1.50). Connecting pin to net "N02436".
#18 WARNING(ORCAP-36038): "No_connect" property on Pin "U7.19" ignored for U7: MCU, MCU (2.40, 1.50). Connecting pin to net "N02448".
#19 WARNING(ORCAP-36006): Part Name "DIODE  TRIG_SOD-923_LESD9D5.0CT5G" is renamed to "DIODE  TRIG_SOD-923_LESD9D5.0CT".
#20 WARNING(ORCAP-36006): Part Name "DIODE  TRIG_SOD-923_LESD9D3.3CT5G" is renamed to "DIODE  TRIG_SOD-923_LESD9D3.3CT".
#21 WARNING(ORCAP-36006): Part Name "74LVC1T45W6-7_SOT-23-6_74LVC1T45W6-7" is renamed to "74LVC1T45W6-7_SOT-23-6_74LVC1T4".
#22 WARNING(ORCAP-36006): Part Name "TS391AG-AF5-R_1_SOT25_TS391AG-AF5-R" is renamed to "TS391AG-AF5-R_1_SOT25_TS391AG-A".
#23 WARNING(ORCAP-36006): Part Name "STM32F030C8T6_LQFP48_STM32F030C8T6" is renamed to "STM32F030C8T6_LQFP48_STM32F030C".
INFO(ORCAP-36080): Scanning netlist files ...

Loading... D:\WORKPRJ\LUGGAGE\R2\AWHEELS\20180413\DSN\NETLIST/pstchip.dat

Loading... D:\WORKPRJ\LUGGAGE\R2\AWHEELS\20180413\DSN\NETLIST/pstchip.dat

Loading... D:\WORKPRJ\LUGGAGE\R2\AWHEELS\20180413\DSN\NETLIST/pstxprt.dat

Loading... D:\WORKPRJ\LUGGAGE\R2\AWHEELS\20180413\DSN\NETLIST/pstxnet.dat
packaging the design view...