(---------------------------------------------------------------------)
(                                                                     )
(    NC DRILL Log                                                     )
(                                                                     )
(    Drawing          : AWheel.brd                                    )
(    Software Version : 16.6-2015S088                                 )
(    Date/Time        : Fri Apr 27 16:36:59 2018                      )
(                                                                     )
(---------------------------------------------------------------------)



 Processing NC Parameters file 'nc_param.txt' ...

 NC PARAMETERS
 -------------

 FORMAT   		2.5
 MACHINE-OFFSET		x:0.00000	y:0.00000   (inch)
 FEEDRATE		1
 COORDINATES		ABSOLUTE
 OUTPUT-UNITS		ENGLISH
 TOOL-ORDER		INCREASING
 REPEAT-CODES		YES
 SUPPRESS-LEAD-ZEROES	NO
 SUPPRESS-TRAIL-ZEROES	NO
 SUPPRESS-EQUAL		NO
 TOOL-SELECT		YES
 HEADER			none
 LEADER			12
 CODE			ASCII
 SEPARATE		NO
 SEPARATE-ROUTING	NO
 OPTIMIZE_DRILLING	YES
 ENHANCED_EXCELLON	YES
 SCALE			1.000000

 WARNING(SPMHMF-360): Design precision is greater than that of the drill output file data.
 WARNING(SPMHMF-361): Data rounding errors are very possible.
 WARNING(SPMHMF-368): Cannot find NC Drill tool file 'nc_tools.txt'
 WARNING(SPMHMF-369): ... will auto-generate tool file 'nc_tools_auto.txt'.


     Auto-generating tool file 'nc_tools_auto.txt' ...

           Size  Plating  Tool        + Tolerance  - Tolerance

         12.000  P        T01            0.000000     0.000000
         20.000  P        T02            0.000000     0.000000
         31.496  P        T03            0.000000     0.000000
         35.433  P        T04            0.000000     0.000000
         39.370  P        T05            0.000000     0.000000
         47.244  P        T06            0.000000     0.000000
        102.362  P        T07            0.000000     0.000000


Drill files being output to directory 'D:/WorkPrj/LUGGAGE/R2/AWheel/BRD/ARTWORK' ...



     'AWheel-1-4.drl' created for holes connecting TOP and BOTTOM
     ------------------------------------------------------------

     Tool  Num     Size      +/- Tolerance     Plating   Quantity

     T01    1.  12.0000    0.0000/  0.0000      PLATED        357
     T02    2.  20.0000    0.0000/  0.0000      PLATED        111
     T03    3.  31.4960    0.0000/  0.0000      PLATED         16
     T04    4.  35.4330    0.0000/  0.0000      PLATED          2
     T05    5.  39.3700    0.0000/  0.0000      PLATED          6
     T06    6.  47.2440    0.0000/  0.0000      PLATED         24
     T07    7. 102.3620    0.0000/  0.0000      PLATED          7

     ---- Total holes:                                        523

     ---- Total head travel:              11.73 feet (3.58 meters)

