(---------------------------------------------------------------------)
(                                                                     )
(    Allegro Netrev Import Logic                                      )
(                                                                     )
(    Drawing          : AWheel.brd                                    )
(    Software Version : 16.6-2015S102                                 )
(    Date/Time        : Wed Apr 25 17:44:10 2018                      )
(                                                                     )
(---------------------------------------------------------------------)


------ Directives ------------

Ripup etch:                  No
Ripup delete first segment:  No
Ripup retain bondwire:       No
Ripup symbols:               IfSame
Missing symbol has error:    No
DRC update:                  Yes
Schematic directory:         'D:/WorkPrj/LUGGAGE/R2/AWheels/20180413/DSN/netlist'
Design Directory:            'D:/WorkPrj/LUGGAGE/R2/AWheels/20180413/BRD'
Old design name:             'D:/WorkPrj/LUGGAGE/R2/AWheels/20180413/BRD/AWheel.brd'
New design name:             'D:/WorkPrj/LUGGAGE/R2/AWheels/20180413/BRD/AWheel.brd'

CmdLine: netrev -$ -i D:/WorkPrj/LUGGAGE/R2/AWheels/20180413/DSN/netlist -y 2 -q netrev_constraint_report.xml D:/WorkPrj/LUGGAGE/R2/AWheels/20180413/BRD/#Taaaaab04476.tmp

------ Preparing to read pst files ------

Starting to read D:/WorkPrj/LUGGAGE/R2/AWheels/20180413/DSN/netlist/pstchip.dat 
   Finished reading D:/WorkPrj/LUGGAGE/R2/AWheels/20180413/DSN/netlist/pstchip.dat (00:00:00.04)
Starting to read D:/WorkPrj/LUGGAGE/R2/AWheels/20180413/DSN/netlist/pstxprt.dat 
   Finished reading D:/WorkPrj/LUGGAGE/R2/AWheels/20180413/DSN/netlist/pstxprt.dat (00:00:00.00)
Starting to read D:/WorkPrj/LUGGAGE/R2/AWheels/20180413/DSN/netlist/pstxnet.dat 
   Finished reading D:/WorkPrj/LUGGAGE/R2/AWheels/20180413/DSN/netlist/pstxnet.dat (00:00:00.00)

------ Oversights/Warnings/Errors ------


#1   WARNING(SPMHNI-192): Device/Symbol check warning detected. [help]

WARNING(SPMHNI-194): Symbol 'LED0603' used by RefDes D35 for device 'LED_0_LED0603_LED' not found in PSMPATH or must be "dbdoctor"ed.

------ Library Paths ------
MODULEPATH =  . 
           C:/Cadence/SPB_16.6/share/local/pcb/modules 

PSMPATH =  . 
           symbols 
           .. 
           ../symbols 
           C:/Cadence/SPB_16.6/share/local/pcb/symbols 
           C:/Cadence/SPB_16.6/share/pcb/pcb_lib/symbols 
           C:/Cadence/SPB_16.6/share/pcb/allegrolib/symbols 

PADPATH =  . 
           symbols 
           .. 
           ../symbols 
           C:/Cadence/SPB_16.6/share/local/pcb/padstacks 
           C:/Cadence/SPB_16.6/share/pcb/pcb_lib/symbols 
           C:/Cadence/SPB_16.6/share/pcb/allegrolib/symbols 


------ Summary Statistics ------


netrev run on Apr 25 17:44:10 2018
   DESIGN NAME : 'AWHEEL'
   PACKAGING ON Feb 15 2016 19:53:59

   COMPILE 'logic'
   CHECK_PIN_NAMES OFF
   CROSS_REFERENCE OFF
   FEEDBACK OFF
   INCREMENTAL OFF
   INTERFACE_TYPE PHYSICAL
   MAX_ERRORS 500
   MERGE_MINIMUM 5
   NET_NAME_CHARS '#%&()*+-./:=>?@[]^_`|'
   NET_NAME_LENGTH 24
   OVERSIGHTS ON
   REPLACE_CHECK OFF
   SINGLE_NODE_NETS ON
   SPLIT_MINIMUM 0
   SUPPRESS   20
   WARNINGS ON

 No error detected
 No oversight detected
  1 warnings detected

cpu time      0:00:39
elapsed time  0:00:00

