(---------------------------------------------------------------------)
(                                                                     )
(    ARTWORK LOG                                                      )
(                                                                     )
(    Drawing          : AWheel.brd                                    )
(    Software Version : 16.6-2015S088                                 )
(    Date/Time        : Fri Apr 27 16:37:19 2018                      )
(                                                                     )
(---------------------------------------------------------------------)


 ---- Photoplot outline rectangle not found; using drawing extents.



Results from parameter file ...
    DEVICE-TYPE           GERBER_RS274X
    OUTPUT-UNITS          INCHES
    FILM-SIZE             2400000 1600000
    FORMAT                2.5
    ABORT-ON-ERROR        NO
    SCALE                 1
    SUPPRESS-LEAD-ZEROES  YES
    SUPPRESS-TRAIL-ZEROES NO
    SUPPRESS-EQUAL        YES
    UNDEF-APT-CONT        NO



================================================================
     PROCESSING FILM < outline >
     TO FILE < D:/WorkPrj/LUGGAGE/R2/AWheel/BRD/ARTWORK/outline.art > ...
================================================================

  FILM PARAMETERS :
  ---------------------------------------------------------
  Undefined line width                6.000
  Mirror code                         NONE
  Rotate angle                        NONE
  Offset x:                           0.000
  Offset y:                           0.000
  Plot negative                       NO
  Suppress unconnected internal pads  NO
  Draw holes only                     NO



  APERTURES USED:
  ---------------------------------------------------------
  TYPE       SIZE/NAME                   ROT   MIRROR MODE 
  ---------------------------------------------------------
  CIRCLE     0.00600                                  DARK 

     outline created.


================================================================
     PROCESSING FILM < TOP_SILKSCREEN >
     TO FILE < D:/WorkPrj/LUGGAGE/R2/AWheel/BRD/ARTWORK/TOP_SILKSCREEN.art > ...
================================================================

  FILM PARAMETERS :
  ---------------------------------------------------------
  Undefined line width                5.000
  Mirror code                         NONE
  Rotate angle                        NONE
  Offset x:                           0.000
  Offset y:                           0.000
  Plot negative                       NO
  Suppress unconnected internal pads  NO
  Draw holes only                     NO



  APERTURES USED:
  ---------------------------------------------------------
  TYPE       SIZE/NAME                   ROT   MIRROR MODE 
  ---------------------------------------------------------
  CIRCLE     0.00394                                  DARK 
  CIRCLE     0.00400                                  DARK 
  CIRCLE     0.00500                                  DARK 
  CIRCLE     0.00591                                  DARK 
  CIRCLE     0.00591                                  DARK 
  CIRCLE     0.00600                                  DARK 
  CIRCLE     0.00787                                  DARK 
  CIRCLE     0.00787                                  DARK 
  CIRCLE     0.01181                                  DARK 
  CIRCLE     0.01200                                  DARK 

     TOP_SILKSCREEN created.


================================================================
     PROCESSING FILM < TOP_PASTEMASK >
     TO FILE < D:/WorkPrj/LUGGAGE/R2/AWheel/BRD/ARTWORK/TOP_PASTEMASK.art > ...
================================================================

  FILM PARAMETERS :
  ---------------------------------------------------------
  Undefined line width                5.000
  Mirror code                         NONE
  Rotate angle                        NONE
  Offset x:                           0.000
  Offset y:                           0.000
  Plot negative                       NO
  Suppress unconnected internal pads  NO
  Draw holes only                     NO



  APERTURES USED:
  ---------------------------------------------------------
  TYPE       SIZE/NAME                   ROT   MIRROR MODE 
  ---------------------------------------------------------
  CIRCLE     0.00500                                  DARK 
  CIRCLE     0.03937                                  DARK 
  CIRCLE     0.06299                                  DARK 
  CIRCLE     0.07087                                  DARK 
  SQUARE     0.05906                     0.000 NO     DARK 
  SQUARE     0.06000                     0.000 NO     DARK 
  RECTANGLE  0.01181     x 0.04724       0.000 NO     DARK 
  RECTANGLE  0.01181     x 0.04724      90.000 NO     DARK 
  RECTANGLE  0.01378     x 0.00984       0.000 NO     DARK 
  RECTANGLE  0.01378     x 0.00984      90.000 NO     DARK 
  RECTANGLE  0.02165     x 0.03937       0.000 NO     DARK 
  RECTANGLE  0.02165     x 0.03937      90.000 NO     DARK 
  RECTANGLE  0.02362     x 0.04331      90.000 NO     DARK 
  RECTANGLE  0.02362     x 0.06102      90.000 NO     DARK 
  RECTANGLE  0.03150     x 0.03543      90.000 NO     DARK 
  RECTANGLE  0.03500     x 0.03200       0.000 NO     DARK 
  RECTANGLE  0.03500     x 0.03200      90.000 NO     DARK 
  RECTANGLE  0.04488     x 0.04724      90.000 NO     DARK 
  RECTANGLE  0.04500     x 0.05500       0.000 NO     DARK 
  RECTANGLE  0.04500     x 0.05500      90.000 NO     DARK 
  RECTANGLE  0.04724     x 0.06693       0.000 NO     DARK 
  RECTANGLE  0.04800     x 0.07100       0.000 NO     DARK 
  RECTANGLE  0.04803     x 0.04921       0.000 NO     DARK 
  RECTANGLE  0.04803     x 0.04921      90.000 NO     DARK 
  RECTANGLE  0.05000     x 0.06200      90.000 NO     DARK 
  RECTANGLE  0.05118     x 0.07874      90.000 NO     DARK 
  RECTANGLE  0.06299     x 0.12992      90.000 NO     DARK 
  RECTANGLE  0.07874     x 0.23622      90.000 NO     DARK 
  RECTANGLE  0.09900     x 0.11900      90.000 NO     DARK 
  RECTANGLE  0.11024     x 0.05906      90.000 NO     DARK 
  RECTANGLE  0.24803     x 0.25197       0.000 NO     DARK 
  RECTANGLE  0.29528     x 0.11811      90.000 NO     DARK 
  RECTANGLE  0.36221     x 0.40158      90.000 NO     DARK 
  OBLONG     0.02600     x 0.07000       0.000 NO     DARK 

     TOP_PASTEMASK created.


================================================================
     PROCESSING FILM < TOP_SOLDERMASK >
     TO FILE < D:/WorkPrj/LUGGAGE/R2/AWheel/BRD/ARTWORK/TOP_SOLDERMASK.art > ...
================================================================

  FILM PARAMETERS :
  ---------------------------------------------------------
  Undefined line width                5.000
  Mirror code                         NONE
  Rotate angle                        NONE
  Offset x:                           0.000
  Offset y:                           0.000
  Plot negative                       NO
  Suppress unconnected internal pads  NO
  Draw holes only                     NO



  APERTURES USED:
  ---------------------------------------------------------
  TYPE       SIZE/NAME                   ROT   MIRROR MODE 
  ---------------------------------------------------------
  CIRCLE     0.00500                                  DARK 
  CIRCLE     0.04331                                  DARK 
  CIRCLE     0.05906                                  DARK 
  CIRCLE     0.06693                                  DARK 
  CIRCLE     0.07480                                  DARK 
  CIRCLE     0.08268                                  DARK 
  CIRCLE     0.09055                                  DARK 
  CIRCLE     0.09842                                  DARK 
  CIRCLE     0.24016                                  DARK 
  SQUARE     0.06299                     0.000 NO     DARK 
  SQUARE     0.06500                     0.000 NO     DARK 
  RECTANGLE  0.01575     x 0.05118       0.000 NO     DARK 
  RECTANGLE  0.01575     x 0.05118      90.000 NO     DARK 
  RECTANGLE  0.01772     x 0.01378       0.000 NO     DARK 
  RECTANGLE  0.01772     x 0.01378      90.000 NO     DARK 
  RECTANGLE  0.02559     x 0.04331       0.000 NO     DARK 
  RECTANGLE  0.02559     x 0.04331      90.000 NO     DARK 
  RECTANGLE  0.02756     x 0.04724      90.000 NO     DARK 
  RECTANGLE  0.02756     x 0.06496      90.000 NO     DARK 
  RECTANGLE  0.03500     x 0.03200       0.000 NO     DARK 
  RECTANGLE  0.03500     x 0.03200      90.000 NO     DARK 
  RECTANGLE  0.03543     x 0.03937      90.000 NO     DARK 
  RECTANGLE  0.04500     x 0.05500       0.000 NO     DARK 
  RECTANGLE  0.04500     x 0.05500      90.000 NO     DARK 
  RECTANGLE  0.04800     x 0.07100       0.000 NO     DARK 
  RECTANGLE  0.04882     x 0.05118      90.000 NO     DARK 
  RECTANGLE  0.05000     x 0.06200      90.000 NO     DARK 
  RECTANGLE  0.05118     x 0.07087       0.000 NO     DARK 
  RECTANGLE  0.05197     x 0.05315       0.000 NO     DARK 
  RECTANGLE  0.05197     x 0.05315      90.000 NO     DARK 
  RECTANGLE  0.05512     x 0.08268      90.000 NO     DARK 
  RECTANGLE  0.06693     x 0.13386      90.000 NO     DARK 
  RECTANGLE  0.08661     x 0.24409      90.000 NO     DARK 
  RECTANGLE  0.09900     x 0.11900      90.000 NO     DARK 
  RECTANGLE  0.11417     x 0.06299      90.000 NO     DARK 
  RECTANGLE  0.25197     x 0.25591       0.000 NO     DARK 
  RECTANGLE  0.29921     x 0.12205      90.000 NO     DARK 
  RECTANGLE  0.36614     x 0.40551      90.000 NO     DARK 
  OBLONG     0.02600     x 0.07000       0.000 NO     DARK 

     TOP_SOLDERMASK created.


================================================================
     PROCESSING FILM < BOTTOM_SILKSCREEN >
     TO FILE < D:/WorkPrj/LUGGAGE/R2/AWheel/BRD/ARTWORK/BOTTOM_SILKSCREEN.art > ...
================================================================

  FILM PARAMETERS :
  ---------------------------------------------------------
  Undefined line width                5.000
  Mirror code                         NONE
  Rotate angle                        NONE
  Offset x:                           0.000
  Offset y:                           0.000
  Plot negative                       NO
  Suppress unconnected internal pads  NO
  Draw holes only                     NO



  APERTURES USED:
  ---------------------------------------------------------
  TYPE       SIZE/NAME                   ROT   MIRROR MODE 
  ---------------------------------------------------------
  CIRCLE     0.00500                                  DARK 

     BOTTOM_SILKSCREEN created.


================================================================
     PROCESSING FILM < BOTTOM_PASTEMASK >
     TO FILE < D:/WorkPrj/LUGGAGE/R2/AWheel/BRD/ARTWORK/BOTTOM_PASTEMASK.art > ...
================================================================

  FILM PARAMETERS :
  ---------------------------------------------------------
  Undefined line width                5.000
  Mirror code                         NONE
  Rotate angle                        NONE
  Offset x:                           0.000
  Offset y:                           0.000
  Plot negative                       NO
  Suppress unconnected internal pads  NO
  Draw holes only                     NO



  APERTURES USED:
  ---------------------------------------------------------
  TYPE       SIZE/NAME                   ROT   MIRROR MODE 
  ---------------------------------------------------------
  CIRCLE     0.00500                                  DARK 
  CIRCLE     0.06299                                  DARK 
  CIRCLE     0.07087                                  DARK 

     BOTTOM_PASTEMASK created.


================================================================
     PROCESSING FILM < BOTTOM_SOLDERMASK >
     TO FILE < D:/WorkPrj/LUGGAGE/R2/AWheel/BRD/ARTWORK/BOTTOM_SOLDERMASK.art > ...
================================================================

  FILM PARAMETERS :
  ---------------------------------------------------------
  Undefined line width                5.000
  Mirror code                         NONE
  Rotate angle                        NONE
  Offset x:                           0.000
  Offset y:                           0.000
  Plot negative                       NO
  Suppress unconnected internal pads  NO
  Draw holes only                     NO



  APERTURES USED:
  ---------------------------------------------------------
  TYPE       SIZE/NAME                   ROT   MIRROR MODE 
  ---------------------------------------------------------
  CIRCLE     0.00500                                  DARK 
  CIRCLE     0.05906                                  DARK 
  CIRCLE     0.06693                                  DARK 
  CIRCLE     0.07480                                  DARK 
  CIRCLE     0.08268                                  DARK 
  CIRCLE     0.09055                                  DARK 
  CIRCLE     0.09842                                  DARK 
  CIRCLE     0.24016                                  DARK 

     BOTTOM_SOLDERMASK created.


================================================================
     PROCESSING FILM < BOTTOM >
     TO FILE < D:/WorkPrj/LUGGAGE/R2/AWheel/BRD/ARTWORK/BOTTOM.art > ...
================================================================

  FILM PARAMETERS :
  ---------------------------------------------------------
  Undefined line width                5.000
  Mirror code                         NONE
  Rotate angle                        NONE
  Offset x:                           0.000
  Offset y:                           0.000
  Plot negative                       NO
  Suppress unconnected internal pads  NO
  Draw holes only                     NO



  APERTURES USED:
  ---------------------------------------------------------
  TYPE       SIZE/NAME                   ROT   MIRROR MODE 
  ---------------------------------------------------------
  CIRCLE     0.00500                                  DARK 
  CIRCLE     0.00800                                  DARK 
  CIRCLE     0.01000                                  DARK 
  CIRCLE     0.01200                                  DARK 
  CIRCLE     0.02000                                  DARK 
  CIRCLE     0.02400                                  DARK 
  CIRCLE     0.03000                                  DARK 
  CIRCLE     0.04000                                  DARK 
  CIRCLE     0.05906                                  DARK 
  CIRCLE     0.06299                                  DARK 
  CIRCLE     0.07087                                  DARK 
  CIRCLE     0.07874                                  DARK 
  CIRCLE     0.08661                                  DARK 
  CIRCLE     0.09449                                  DARK 
  CIRCLE     0.23622                                  DARK 

     BOTTOM created.


================================================================
     PROCESSING FILM < TOP >
     TO FILE < D:/WorkPrj/LUGGAGE/R2/AWheel/BRD/ARTWORK/TOP.art > ...
================================================================

  FILM PARAMETERS :
  ---------------------------------------------------------
  Undefined line width                5.000
  Mirror code                         NONE
  Rotate angle                        NONE
  Offset x:                           0.000
  Offset y:                           0.000
  Plot negative                       NO
  Suppress unconnected internal pads  NO
  Draw holes only                     NO



  APERTURES USED:
  ---------------------------------------------------------
  TYPE       SIZE/NAME                   ROT   MIRROR MODE 
  ---------------------------------------------------------
  CIRCLE     0.00500                                  DARK 
  CIRCLE     0.00800                                  DARK 
  CIRCLE     0.01000                                  DARK 
  CIRCLE     0.01200                                  DARK 
  CIRCLE     0.02000                                  DARK 
  CIRCLE     0.02400                                  DARK 
  CIRCLE     0.03000                                  DARK 
  CIRCLE     0.03937                                  DARK 
  CIRCLE     0.04000                                  DARK 
  CIRCLE     0.05906                                  DARK 
  CIRCLE     0.06299                                  DARK 
  CIRCLE     0.07087                                  DARK 
  CIRCLE     0.07874                                  DARK 
  CIRCLE     0.08661                                  DARK 
  CIRCLE     0.09449                                  DARK 
  CIRCLE     0.23622                                  DARK 
  SQUARE     0.05906                     0.000 NO     DARK 
  SQUARE     0.06000                     0.000 NO     DARK 
  RECTANGLE  0.01181     x 0.04724       0.000 NO     DARK 
  RECTANGLE  0.01181     x 0.04724      90.000 NO     DARK 
  RECTANGLE  0.01378     x 0.00984       0.000 NO     DARK 
  RECTANGLE  0.01378     x 0.00984      90.000 NO     DARK 
  RECTANGLE  0.02165     x 0.03937       0.000 NO     DARK 
  RECTANGLE  0.02165     x 0.03937      90.000 NO     DARK 
  RECTANGLE  0.02362     x 0.04331      90.000 NO     DARK 
  RECTANGLE  0.02362     x 0.06102      90.000 NO     DARK 
  RECTANGLE  0.03150     x 0.03543      90.000 NO     DARK 
  RECTANGLE  0.03500     x 0.03200       0.000 NO     DARK 
  RECTANGLE  0.03500     x 0.03200      90.000 NO     DARK 
  RECTANGLE  0.04488     x 0.04724      90.000 NO     DARK 
  RECTANGLE  0.04500     x 0.05500       0.000 NO     DARK 
  RECTANGLE  0.04500     x 0.05500      90.000 NO     DARK 
  RECTANGLE  0.04724     x 0.06693       0.000 NO     DARK 
  RECTANGLE  0.04800     x 0.07100       0.000 NO     DARK 
  RECTANGLE  0.04803     x 0.04921       0.000 NO     DARK 
  RECTANGLE  0.04803     x 0.04921      90.000 NO     DARK 
  RECTANGLE  0.05000     x 0.06200      90.000 NO     DARK 
  RECTANGLE  0.05118     x 0.07874      90.000 NO     DARK 
  RECTANGLE  0.06299     x 0.12992      90.000 NO     DARK 
  RECTANGLE  0.07874     x 0.23622      90.000 NO     DARK 
  RECTANGLE  0.09900     x 0.11900      90.000 NO     DARK 
  RECTANGLE  0.11024     x 0.05906      90.000 NO     DARK 
  RECTANGLE  0.24803     x 0.25197       0.000 NO     DARK 
  RECTANGLE  0.29528     x 0.11811      90.000 NO     DARK 
  RECTANGLE  0.36221     x 0.40158      90.000 NO     DARK 
  OBLONG     0.02600     x 0.07000       0.000 NO     DARK 

     TOP created.


================================================================
     PROCESSING FILM < DRILL >
     TO FILE < D:/WorkPrj/LUGGAGE/R2/AWheel/BRD/ARTWORK/DRILL.art > ...
================================================================

  FILM PARAMETERS :
  ---------------------------------------------------------
  Undefined line width                5.000
  Mirror code                         NONE
  Rotate angle                        NONE
  Offset x:                           0.000
  Offset y:                           0.000
  Plot negative                       NO
  Suppress unconnected internal pads  NO
  Draw holes only                     NO



  APERTURES USED:
  ---------------------------------------------------------
  TYPE       SIZE/NAME                   ROT   MIRROR MODE 
  ---------------------------------------------------------
  CIRCLE     0.00500                                  DARK 
  CIRCLE     0.00600                                  DARK 

     DRILL created.


================================================================
     PROCESSING FILM < IN2 >
     TO FILE < D:/WorkPrj/LUGGAGE/R2/AWheel/BRD/ARTWORK/IN2.art > ...
================================================================

  FILM PARAMETERS :
  ---------------------------------------------------------
  Undefined line width                5.000
  Mirror code                         NONE
  Rotate angle                        NONE
  Offset x:                           0.000
  Offset y:                           0.000
  Plot negative                       NO
  Suppress unconnected internal pads  NO
  Draw holes only                     NO



  APERTURES USED:
  ---------------------------------------------------------
  TYPE       SIZE/NAME                   ROT   MIRROR MODE 
  ---------------------------------------------------------
  CIRCLE     0.00500                                  DARK 
  CIRCLE     0.00800                                  DARK 
  CIRCLE     0.01000                                  DARK 
  CIRCLE     0.02000                                  DARK 
  CIRCLE     0.02400                                  DARK 
  CIRCLE     0.03000                                  DARK 
  CIRCLE     0.04000                                  DARK 
  CIRCLE     0.05906                                  DARK 
  CIRCLE     0.06299                                  DARK 
  CIRCLE     0.07087                                  DARK 
  CIRCLE     0.07874                                  DARK 
  CIRCLE     0.08661                                  DARK 
  CIRCLE     0.09449                                  DARK 
  CIRCLE     0.20472                                  DARK 

     IN2 created.


================================================================
     PROCESSING FILM < IN1 >
     TO FILE < D:/WorkPrj/LUGGAGE/R2/AWheel/BRD/ARTWORK/IN1.art > ...
================================================================

  FILM PARAMETERS :
  ---------------------------------------------------------
  Undefined line width                5.000
  Mirror code                         NONE
  Rotate angle                        NONE
  Offset x:                           0.000
  Offset y:                           0.000
  Plot negative                       NO
  Suppress unconnected internal pads  NO
  Draw holes only                     NO



  APERTURES USED:
  ---------------------------------------------------------
  TYPE       SIZE/NAME                   ROT   MIRROR MODE 
  ---------------------------------------------------------
  CIRCLE     0.00500                                  DARK 
  CIRCLE     0.02400                                  DARK 
  CIRCLE     0.03000                                  DARK 
  CIRCLE     0.05906                                  DARK 
  CIRCLE     0.06299                                  DARK 
  CIRCLE     0.07087                                  DARK 
  CIRCLE     0.07874                                  DARK 
  CIRCLE     0.08661                                  DARK 
  CIRCLE     0.09449                                  DARK 
  CIRCLE     0.20472                                  DARK 

     IN1 created.


------------------------------------------------------
 SUMMARY:
        outline created.
        TOP_SILKSCREEN created.
        TOP_PASTEMASK created.
        TOP_SOLDERMASK created.
        BOTTOM_SILKSCREEN created.
        BOTTOM_PASTEMASK created.
        BOTTOM_SOLDERMASK created.
        BOTTOM created.
        TOP created.
        DRILL created.
        IN2 created.
        IN1 created.

 ARTWORK finished
