(---------------------------------------------------------------------)
(                                                                     )
(    STEP Export                                                      )
(                                                                     )
(    Software Version : 16.6-2015S088                                 )
(    Date/Time        : Wed Apr 25 21:05:21 2018                      )
(                                                                     )
(---------------------------------------------------------------------)




STEP file: D:/WorkPrj/LUGGAGE/R2/AWheels/20180413/DOC/AWheel.stp
Design file: D:/WorkPrj/LUGGAGE/R2/AWheels/20180413/BRD/AWheel.brd
Export units: Millimeter
STEP protocol: AP-214
Source identification: allegro_16.6-2015S091
Export selected and highlighted parts?: NO
Export secondary parts?: NO
Export parts with mapped STEP Models?: YES
Export parts without mapped STEP Models?: YES
Export assemblies and enclosures parts?: NO
Export mechanical drills?: YES
Export electrical through pin drills?: YES
Export electrical through via drills?: YES
Export bare board only?: NO
Export external copper?: NO
step_out complete.
